SCP Virtual Bus Driver Installer 1.0.0.103 [12/1/2013 9:22:59 AM]

Detected - Microsoft Windows 81 Pro (6.2.9200.0 AMD64)
Selected DEFAULT configuration.


SCP Virtual Bus Driver Installer 1.0.0.103 [12/2/2013 8:51:44 PM]

Detected - Microsoft Windows 81 Pro (6.2.9200.0 AMD64)
Selected DEFAULT configuration.


SCP Virtual Bus Driver Installer 1.0.0.103 [12/3/2013 12:50:59 AM]

Detected - Microsoft Windows 81 Pro (6.2.9200.0 AMD64)
Selected DEFAULT configuration.


SCP Virtual Bus Driver Installer 1.0.0.103 [17.03.2019 21:23:58]

Detected - Windows 10 Pro (6.2.9200.0 AMD64)
Selected DEFAULT configuration.


Uninstall Succeeded.

-- Uninstall Summary --


Uninstall Succeeded.

-- Uninstall Summary --

SUCCESS - Virtual Bus Created
INFO    - ENTER:  DriverPackageInstallW
INFO    - Looking for Model Section [SCProductions.NTamd64]...
INFO    - Installing INF file 'E:\dima\newdesignlkn\img\DS4Tool 1.2.2\Virtual Bus Driver\System\ScpVBus.inf' (Plug and Play).
INFO    - Looking for Model Section [SCProductions.NTamd64]...
INFO    - Installing devices with Id "root\ScpVBus" using INF "C:\WINDOWS\System32\DriverStore\FileRepository\scpvbus.inf_amd64_21ca245c0e23d7a5\ScpVBus.inf".
INFO    - ENTER UpdateDriverForPlugAndPlayDevices...
SUCCESS - RETURN UpdateDriverForPlugAndPlayDevices.
INFO    - Installation was successful.
SUCCESS - Install completed
INFO    - RETURN: DriverPackageInstallW  (0x0)

Install Succeeded.

-- Install Summary --
Bus Device
Bus Driver



SCP Virtual Bus Driver Installer 1.0.0.103 [17.03.2019 21:25:08]

Detected - Windows 10 Pro (6.2.9200.0 AMD64)
Selected DEFAULT configuration.

SUCCESS - Virtual Bus Removed

Uninstall Succeeded.

-- Uninstall Summary --
Bus Device


Uninstall Succeeded.

-- Uninstall Summary --

SUCCESS - Virtual Bus Created
INFO    - ENTER:  DriverPackageInstallW
INFO    - Looking for Model Section [SCProductions.NTamd64]...
INFO    - Installing INF file 'E:\dima\newdesignlkn\img\DS4Tool 1.2.2\Virtual Bus Driver\System\ScpVBus.inf' (Plug and Play).
INFO    - Looking for Model Section [SCProductions.NTamd64]...
INFO    - Installing devices with Id "root\ScpVBus" using INF "C:\WINDOWS\System32\DriverStore\FileRepository\scpvbus.inf_amd64_21ca245c0e23d7a5\scpvbus.inf".
INFO    - ENTER UpdateDriverForPlugAndPlayDevices...
SUCCESS - RETURN UpdateDriverForPlugAndPlayDevices.
INFO    - Installation was successful.
SUCCESS - Install completed
INFO    - RETURN: DriverPackageInstallW  (0x0)

Install Succeeded.

-- Install Summary --
Bus Device
Bus Driver



SCP Virtual Bus Driver Installer 1.0.0.103 [17.03.2019 21:26:43]

Detected - Windows 10 Pro (6.2.9200.0 AMD64)
Selected DEFAULT configuration.

SUCCESS - Virtual Bus Removed

Uninstall Succeeded.

-- Uninstall Summary --
Bus Device

SUCCESS - Virtual Bus Created
INFO    - ENTER:  DriverPackageInstallW
INFO    - Looking for Model Section [SCProductions.NTamd64]...
INFO    - Installing INF file 'E:\dima\newdesignlkn\img\DS4Tool 1.2.2\Virtual Bus Driver\System\ScpVBus.inf' (Plug and Play).
INFO    - Looking for Model Section [SCProductions.NTamd64]...
INFO    - Installing devices with Id "root\ScpVBus" using INF "C:\WINDOWS\System32\DriverStore\FileRepository\scpvbus.inf_amd64_21ca245c0e23d7a5\scpvbus.inf".
INFO    - ENTER UpdateDriverForPlugAndPlayDevices...
SUCCESS - RETURN UpdateDriverForPlugAndPlayDevices.
INFO    - Installation was successful.
SUCCESS - Install completed
INFO    - RETURN: DriverPackageInstallW  (0x0)

Install Succeeded.

-- Install Summary --
Bus Device
Bus Driver


SUCCESS - Virtual Bus Removed

Uninstall Succeeded.

-- Uninstall Summary --
Bus Device

SUCCESS - Virtual Bus Created
INFO    - ENTER:  DriverPackageInstallW
INFO    - Looking for Model Section [SCProductions.NTamd64]...
INFO    - Installing INF file 'E:\dima\newdesignlkn\img\DS4Tool 1.2.2\Virtual Bus Driver\System\ScpVBus.inf' (Plug and Play).
INFO    - Looking for Model Section [SCProductions.NTamd64]...
INFO    - Installing devices with Id "root\ScpVBus" using INF "C:\WINDOWS\System32\DriverStore\FileRepository\scpvbus.inf_amd64_21ca245c0e23d7a5\scpvbus.inf".
INFO    - ENTER UpdateDriverForPlugAndPlayDevices...
SUCCESS - RETURN UpdateDriverForPlugAndPlayDevices.
INFO    - Installation was successful.
SUCCESS - Install completed
INFO    - RETURN: DriverPackageInstallW  (0x0)

Install Succeeded.

-- Install Summary --
Bus Device
Bus Driver



